2020-05-14 22:01:20,122 ERROR [main] - Statistics - Statistics file `C:\Users\manish.dubey01\.scalaide\statistics` is corrupted. A new one is being created. Corrupted content was:

com.cedarsoftware.util.io.JsonIoException: error parsing JSON value
	at com.cedarsoftware.util.io.JsonReader.readObject(JsonReader.java:529)
	at com.cedarsoftware.util.io.JsonReader.jsonToJava(JsonReader.java:289)
	at com.cedarsoftware.util.io.JsonReader.jsonToJava(JsonReader.java:262)
	at org.scalaide.core.internal.statistics.Statistics.read(Statistics.scala:74)
	at org.scalaide.core.internal.statistics.Statistics.$anonfun$readStats$1(Statistics.scala:52)
	at org.scalaide.core.internal.statistics.Statistics.$anonfun$readStats$1$adapted(Statistics.scala:51)
	at org.scalaide.core.internal.statistics.Statistics$$Lambda$608.000000001A18EF60.apply(Unknown Source)
	at org.scalaide.core.ScalaIdeDataStore$.$anonfun$validate$2(ScalaIdeDataStore.scala:59)
	at org.scalaide.core.ScalaIdeDataStore$$$Lambda$610.0000000014D44EF0.apply(Unknown Source)
	at org.scalaide.util.eclipse.EclipseUtils$$anon$3.run(EclipseUtils.scala:230)
	at org.eclipse.core.runtime.SafeRunner.run(SafeRunner.java:45)
	at org.scalaide.util.eclipse.EclipseUtils$.withSafeRunner(EclipseUtils.scala:226)
	at org.scalaide.core.ScalaIdeDataStore$.validate(ScalaIdeDataStore.scala:59)
	at org.scalaide.core.internal.statistics.Statistics.readStats(Statistics.scala:51)
	at org.scalaide.core.internal.statistics.Statistics.<init>(Statistics.scala:30)
	at org.scalaide.core.internal.ScalaPlugin.stats$lzycompute(ScalaPlugin.scala:135)
	at org.scalaide.core.internal.ScalaPlugin.stats(ScalaPlugin.scala:135)
	at org.scalaide.core.internal.ScalaPlugin.statistics(ScalaPlugin.scala:138)
	at org.scalaide.core.internal.ScalaPlugin.start(ScalaPlugin.scala:109)
	at org.eclipse.osgi.internal.framework.BundleContextImpl$3.run(BundleContextImpl.java:782)
	at org.eclipse.osgi.internal.framework.BundleContextImpl$3.run(BundleContextImpl.java:1)
	at java.security.AccessController.doPrivileged(AccessController.java:703)
	at org.eclipse.osgi.internal.framework.BundleContextImpl.startActivator(BundleContextImpl.java:775)
	at org.eclipse.osgi.internal.framework.BundleContextImpl.start(BundleContextImpl.java:732)
	at org.eclipse.osgi.internal.framework.EquinoxBundle.startWorker0(EquinoxBundle.java:1005)
	at org.eclipse.osgi.internal.framework.EquinoxBundle$EquinoxModule.startWorker(EquinoxBundle.java:357)
	at org.eclipse.osgi.container.Module.doStart(Module.java:588)
	at org.eclipse.osgi.container.Module.start(Module.java:456)
	at org.eclipse.osgi.framework.util.SecureAction.start(SecureAction.java:471)
	at org.eclipse.osgi.internal.hooks.EclipseLazyStarter.postFindLocalClass(EclipseLazyStarter.java:117)
	at org.eclipse.osgi.internal.loader.classpath.ClasspathManager.findLocalClass(ClasspathManager.java:557)
	at org.eclipse.osgi.internal.loader.ModuleClassLoader.findLocalClass(ModuleClassLoader.java:331)
	at org.eclipse.osgi.internal.loader.BundleLoader.findLocalClass(BundleLoader.java:395)
	at org.eclipse.osgi.internal.loader.BundleLoader.findClassInternal(BundleLoader.java:473)
	at org.eclipse.osgi.internal.loader.BundleLoader.findClass(BundleLoader.java:422)
	at org.eclipse.osgi.internal.loader.BundleLoader.findClass(BundleLoader.java:414)
	at org.eclipse.osgi.internal.loader.ModuleClassLoader.loadClass(ModuleClassLoader.java:153)
	at java.lang.ClassLoader.loadClass(ClassLoader.java:862)
	at org.eclipse.osgi.internal.framework.EquinoxBundle.loadClass(EquinoxBundle.java:612)
	at org.eclipse.core.internal.registry.osgi.RegistryStrategyOSGI.createExecutableExtension(RegistryStrategyOSGI.java:196)
	at org.eclipse.core.internal.registry.ExtensionRegistry.createExecutableExtension(ExtensionRegistry.java:934)
	at org.eclipse.core.internal.registry.ConfigurationElement.createExecutableExtension(ConfigurationElement.java:246)
	at org.eclipse.core.internal.registry.ConfigurationElementHandle.createExecutableExtension(ConfigurationElementHandle.java:63)
	at org.eclipse.jdt.internal.ui.filters.FilterDescriptor$1.run(FilterDescriptor.java:138)
	at org.eclipse.core.runtime.SafeRunner.run(SafeRunner.java:45)
	at org.eclipse.jdt.internal.ui.filters.FilterDescriptor.createViewerFilter(FilterDescriptor.java:142)
	at org.eclipse.jdt.ui.actions.CustomFiltersActionGroup$FilterItem.getFilterInstance(CustomFiltersActionGroup.java:190)
	at org.eclipse.jdt.ui.actions.CustomFiltersActionGroup.updateViewerFilters(CustomFiltersActionGroup.java:520)
	at org.eclipse.jdt.ui.actions.CustomFiltersActionGroup.<init>(CustomFiltersActionGroup.java:278)
	at org.eclipse.jdt.ui.actions.CustomFiltersActionGroup.<init>(CustomFiltersActionGroup.java:244)
	at org.eclipse.jdt.internal.ui.packageview.PackageExplorerActionGroup.<init>(PackageExplorerActionGroup.java:152)
	at org.eclipse.jdt.internal.ui.packageview.PackageExplorerPart.makeActions(PackageExplorerPart.java:805)
	at org.eclipse.jdt.internal.ui.packageview.PackageExplorerPart.createPartControl(PackageExplorerPart.java:511)
	at org.eclipse.ui.internal.e4.compatibility.CompatibilityPart.createPartControl(CompatibilityPart.java:156)
	at org.eclipse.ui.internal.e4.compatibility.CompatibilityView.createPartControl(CompatibilityView.java:152)
	at org.eclipse.ui.internal.e4.compatibility.CompatibilityPart.create(CompatibilityPart.java:367)
	at sun.reflect.NativeMethodAccessorImpl.invoke0(Native Method)
	at sun.reflect.NativeMethodAccessorImpl.invoke(NativeMethodAccessorImpl.java:62)
	at sun.reflect.DelegatingMethodAccessorImpl.invoke(DelegatingMethodAccessorImpl.java:43)
	at java.lang.reflect.Method.invoke(Method.java:498)
	at org.eclipse.e4.core.internal.di.MethodRequestor.execute(MethodRequestor.java:58)
	at org.eclipse.e4.core.internal.di.InjectorImpl.processAnnotated(InjectorImpl.java:1001)
	at org.eclipse.e4.core.internal.di.InjectorImpl.processAnnotated(InjectorImpl.java:966)
	at org.eclipse.e4.core.internal.di.InjectorImpl.internalInject(InjectorImpl.java:139)
	at org.eclipse.e4.core.internal.di.InjectorImpl.internalMake(InjectorImpl.java:411)
	at org.eclipse.e4.core.internal.di.InjectorImpl.make(InjectorImpl.java:333)
	at org.eclipse.e4.core.contexts.ContextInjectionFactory.make(ContextInjectionFactory.java:193)
	at org.eclipse.e4.ui.internal.workbench.ReflectionContributionFactory.createFromBundle(ReflectionContributionFactory.java:108)
	at org.eclipse.e4.ui.internal.workbench.ReflectionContributionFactory.doCreate(ReflectionContributionFactory.java:77)
	at org.eclipse.e4.ui.internal.workbench.ReflectionContributionFactory.create(ReflectionContributionFactory.java:59)
	at org.eclipse.e4.ui.workbench.renderers.swt.ContributedPartRenderer.createWidget(ContributedPartRenderer.java:132)
	at org.eclipse.e4.ui.internal.workbench.swt.PartRenderingEngine.createWidget(PartRenderingEngine.java:1015)
	at org.eclipse.e4.ui.internal.workbench.swt.PartRenderingEngine.safeCreateGui(PartRenderingEngine.java:675)
	at org.eclipse.e4.ui.internal.workbench.swt.PartRenderingEngine$1.run(PartRenderingEngine.java:560)
	at org.eclipse.core.runtime.SafeRunner.run(SafeRunner.java:45)
	at org.eclipse.e4.ui.internal.workbench.swt.PartRenderingEngine.createGui(PartRenderingEngine.java:544)
	at org.eclipse.e4.ui.workbench.renderers.swt.ElementReferenceRenderer.createWidget(ElementReferenceRenderer.java:73)
	at org.eclipse.e4.ui.internal.workbench.swt.PartRenderingEngine.createWidget(PartRenderingEngine.java:1015)
	at org.eclipse.e4.ui.internal.workbench.swt.PartRenderingEngine.safeCreateGui(PartRenderingEngine.java:675)
	at org.eclipse.e4.ui.internal.workbench.swt.PartRenderingEngine.safeCreateGui(PartRenderingEngine.java:781)
	at org.eclipse.e4.ui.internal.workbench.swt.PartRenderingEngine.access$0(PartRenderingEngine.java:752)
	at org.eclipse.e4.ui.internal.workbench.swt.PartRenderingEngine$2.run(PartRenderingEngine.java:746)
	at org.eclipse.core.runtime.SafeRunner.run(SafeRunner.java:45)
	at org.eclipse.e4.ui.internal.workbench.swt.PartRenderingEngine.createGui(PartRenderingEngine.java:730)
	at org.eclipse.e4.ui.internal.workbench.PartServiceImpl$1.handleEvent(PartServiceImpl.java:112)
	at org.eclipse.e4.ui.services.internal.events.UIEventHandler.lambda$0(UIEventHandler.java:38)
	at org.eclipse.e4.ui.services.internal.events.UIEventHandler$$Lambda$69.0000000014AA0090.run(Unknown Source)
	at org.eclipse.swt.widgets.Synchronizer.syncExec(Synchronizer.java:236)
	at org.eclipse.ui.internal.UISynchronizer.syncExec(UISynchronizer.java:147)
	at org.eclipse.swt.widgets.Display.syncExec(Display.java:4580)
	at org.eclipse.e4.ui.internal.workbench.swt.E4Application$1.syncExec(E4Application.java:219)
	at org.eclipse.e4.ui.services.internal.events.UIEventHandler.handleEvent(UIEventHandler.java:38)
	at org.eclipse.equinox.internal.event.EventHandlerWrapper.handleEvent(EventHandlerWrapper.java:205)
	at org.eclipse.equinox.internal.event.EventHandlerTracker.dispatchEvent(EventHandlerTracker.java:203)
	at org.eclipse.equinox.internal.event.EventHandlerTracker.dispatchEvent(EventHandlerTracker.java:1)
	at org.eclipse.osgi.framework.eventmgr.EventManager.dispatchEvent(EventManager.java:233)
	at org.eclipse.osgi.framework.eventmgr.ListenerQueue.dispatchEventSynchronous(ListenerQueue.java:151)
	at org.eclipse.equinox.internal.event.EventAdminImpl.dispatchEvent(EventAdminImpl.java:132)
	at org.eclipse.equinox.internal.event.EventAdminImpl.sendEvent(EventAdminImpl.java:75)
	at org.eclipse.equinox.internal.event.EventComponent.sendEvent(EventComponent.java:44)
	at org.eclipse.e4.ui.services.internal.events.EventBroker.send(EventBroker.java:55)
	at org.eclipse.e4.ui.internal.workbench.UIEventPublisher.notifyChanged(UIEventPublisher.java:63)
	at org.eclipse.emf.common.notify.impl.BasicNotifierImpl.eNotify(BasicNotifierImpl.java:424)
	at org.eclipse.e4.ui.model.application.ui.impl.ElementContainerImpl.setSelectedElement(ElementContainerImpl.java:177)
	at org.eclipse.e4.ui.workbench.renderers.swt.LazyStackRenderer.postProcess(LazyStackRenderer.java:110)
	at org.eclipse.e4.ui.internal.workbench.swt.PartRenderingEngine.safeCreateGui(PartRenderingEngine.java:693)
	at org.eclipse.e4.ui.internal.workbench.swt.PartRenderingEngine.safeCreateGui(PartRenderingEngine.java:781)
	at org.eclipse.e4.ui.internal.workbench.swt.PartRenderingEngine.access$0(PartRenderingEngine.java:752)
	at org.eclipse.e4.ui.internal.workbench.swt.PartRenderingEngine$2.run(PartRenderingEngine.java:746)
	at org.eclipse.core.runtime.SafeRunner.run(SafeRunner.java:45)
	at org.eclipse.e4.ui.internal.workbench.swt.PartRenderingEngine.createGui(PartRenderingEngine.java:730)
	at org.eclipse.e4.ui.workbench.renderers.swt.SWTPartRenderer.processContents(SWTPartRenderer.java:72)
	at org.eclipse.e4.ui.workbench.renderers.swt.SashRenderer.processContents(SashRenderer.java:140)
	at org.eclipse.e4.ui.internal.workbench.swt.PartRenderingEngine.safeCreateGui(PartRenderingEngine.java:689)
	at org.eclipse.e4.ui.internal.workbench.swt.PartRenderingEngine.safeCreateGui(PartRenderingEngine.java:781)
	at org.eclipse.e4.ui.internal.workbench.swt.PartRenderingEngine.access$0(PartRenderingEngine.java:752)
	at org.eclipse.e4.ui.internal.workbench.swt.PartRenderingEngine$2.run(PartRenderingEngine.java:746)
	at org.eclipse.core.runtime.SafeRunner.run(SafeRunner.java:45)
	at org.eclipse.e4.ui.internal.workbench.swt.PartRenderingEngine.createGui(PartRenderingEngine.java:730)
	at org.eclipse.e4.ui.workbench.renderers.swt.SWTPartRenderer.processContents(SWTPartRenderer.java:72)
	at org.eclipse.e4.ui.workbench.renderers.swt.SashRenderer.processContents(SashRenderer.java:140)
	at org.eclipse.e4.ui.internal.workbench.swt.PartRenderingEngine.safeCreateGui(PartRenderingEngine.java:689)
	at org.eclipse.e4.ui.internal.workbench.swt.PartRenderingEngine.safeCreateGui(PartRenderingEngine.java:781)
	at org.eclipse.e4.ui.internal.workbench.swt.PartRenderingEngine.access$0(PartRenderingEngine.java:752)
	at org.eclipse.e4.ui.internal.workbench.swt.PartRenderingEngine$2.run(PartRenderingEngine.java:746)
	at org.eclipse.core.runtime.SafeRunner.run(SafeRunner.java:45)
	at org.eclipse.e4.ui.internal.workbench.swt.PartRenderingEngine.createGui(PartRenderingEngine.java:730)
	at org.eclipse.e4.ui.workbench.renderers.swt.SWTPartRenderer.processContents(SWTPartRenderer.java:72)
	at org.eclipse.e4.ui.workbench.renderers.swt.SashRenderer.processContents(SashRenderer.java:140)
	at org.eclipse.e4.ui.internal.workbench.swt.PartRenderingEngine.safeCreateGui(PartRenderingEngine.java:689)
	at org.eclipse.e4.ui.internal.workbench.swt.PartRenderingEngine.safeCreateGui(PartRenderingEngine.java:781)
	at org.eclipse.e4.ui.internal.workbench.swt.PartRenderingEngine.access$0(PartRenderingEngine.java:752)
	at org.eclipse.e4.ui.internal.workbench.swt.PartRenderingEngine$2.run(PartRenderingEngine.java:746)
	at org.eclipse.core.runtime.SafeRunner.run(SafeRunner.java:45)
	at org.eclipse.e4.ui.internal.workbench.swt.PartRenderingEngine.createGui(PartRenderingEngine.java:730)
	at org.eclipse.e4.ui.workbench.renderers.swt.SWTPartRenderer.processContents(SWTPartRenderer.java:72)
	at org.eclipse.e4.ui.workbench.renderers.swt.SashRenderer.processContents(SashRenderer.java:140)
	at org.eclipse.e4.ui.internal.workbench.swt.PartRenderingEngine.safeCreateGui(PartRenderingEngine.java:689)
	at org.eclipse.e4.ui.internal.workbench.swt.PartRenderingEngine.safeCreateGui(PartRenderingEngine.java:781)
	at org.eclipse.e4.ui.internal.workbench.swt.PartRenderingEngine.access$0(PartRenderingEngine.java:752)
	at org.eclipse.e4.ui.internal.workbench.swt.PartRenderingEngine$2.run(PartRenderingEngine.java:746)
	at org.eclipse.core.runtime.SafeRunner.run(SafeRunner.java:45)
	at org.eclipse.e4.ui.internal.workbench.swt.PartRenderingEngine.createGui(PartRenderingEngine.java:730)
	at org.eclipse.e4.ui.workbench.renderers.swt.SWTPartRenderer.processContents(SWTPartRenderer.java:72)
	at org.eclipse.e4.ui.workbench.renderers.swt.PerspectiveRenderer.processContents(PerspectiveRenderer.java:51)
	at org.eclipse.e4.ui.internal.workbench.swt.PartRenderingEngine.safeCreateGui(PartRenderingEngine.java:689)
	at org.eclipse.e4.ui.internal.workbench.swt.PartRenderingEngine.safeCreateGui(PartRenderingEngine.java:781)
	at org.eclipse.e4.ui.internal.workbench.swt.PartRenderingEngine.access$0(PartRenderingEngine.java:752)
	at org.eclipse.e4.ui.internal.workbench.swt.PartRenderingEngine$2.run(PartRenderingEngine.java:746)
	at org.eclipse.core.runtime.SafeRunner.run(SafeRunner.java:45)
	at org.eclipse.e4.ui.internal.workbench.swt.PartRenderingEngine.createGui(PartRenderingEngine.java:730)
	at org.eclipse.e4.ui.workbench.renderers.swt.PerspectiveStackRenderer.showTab(PerspectiveStackRenderer.java:82)
	at org.eclipse.e4.ui.workbench.renderers.swt.LazyStackRenderer.lambda$0(LazyStackRenderer.java:75)
	at org.eclipse.e4.ui.workbench.renderers.swt.LazyStackRenderer$$Lambda$147.00000000143C0130.handleEvent(Unknown Source)
	at org.eclipse.e4.ui.services.internal.events.UIEventHandler.lambda$0(UIEventHandler.java:38)
	at org.eclipse.e4.ui.services.internal.events.UIEventHandler$$Lambda$69.0000000014AA0090.run(Unknown Source)
	at org.eclipse.swt.widgets.Synchronizer.syncExec(Synchronizer.java:236)
	at org.eclipse.ui.internal.UISynchronizer.syncExec(UISynchronizer.java:147)
	at org.eclipse.swt.widgets.Display.syncExec(Display.java:4580)
	at org.eclipse.e4.ui.internal.workbench.swt.E4Application$1.syncExec(E4Application.java:219)
	at org.eclipse.e4.ui.services.internal.events.UIEventHandler.handleEvent(UIEventHandler.java:38)
	at org.eclipse.equinox.internal.event.EventHandlerWrapper.handleEvent(EventHandlerWrapper.java:205)
	at org.eclipse.equinox.internal.event.EventHandlerTracker.dispatchEvent(EventHandlerTracker.java:203)
	at org.eclipse.equinox.internal.event.EventHandlerTracker.dispatchEvent(EventHandlerTracker.java:1)
	at org.eclipse.osgi.framework.eventmgr.EventManager.dispatchEvent(EventManager.java:233)
	at org.eclipse.osgi.framework.eventmgr.ListenerQueue.dispatchEventSynchronous(ListenerQueue.java:151)
	at org.eclipse.equinox.internal.event.EventAdminImpl.dispatchEvent(EventAdminImpl.java:132)
	at org.eclipse.equinox.internal.event.EventAdminImpl.sendEvent(EventAdminImpl.java:75)
	at org.eclipse.equinox.internal.event.EventComponent.sendEvent(EventComponent.java:44)
	at org.eclipse.e4.ui.services.internal.events.EventBroker.send(EventBroker.java:55)
	at org.eclipse.e4.ui.internal.workbench.UIEventPublisher.notifyChanged(UIEventPublisher.java:63)
	at org.eclipse.emf.common.notify.impl.BasicNotifierImpl.eNotify(BasicNotifierImpl.java:424)
	at org.eclipse.e4.ui.model.application.ui.advanced.impl.PerspectiveStackImpl.setSelectedElement(PerspectiveStackImpl.java:139)
	at org.eclipse.e4.ui.model.application.ui.advanced.impl.PerspectiveStackImpl.setSelectedElement(PerspectiveStackImpl.java:1)
	at org.eclipse.ui.internal.WorkbenchPage.setPerspective(WorkbenchPage.java:4187)
	at org.eclipse.ui.internal.WorkbenchWindow.setup(WorkbenchWindow.java:747)
	at sun.reflect.NativeMethodAccessorImpl.invoke0(Native Method)
	at sun.reflect.NativeMethodAccessorImpl.invoke(NativeMethodAccessorImpl.java:62)
	at sun.reflect.DelegatingMethodAccessorImpl.invoke(DelegatingMethodAccessorImpl.java:43)
	at java.lang.reflect.Method.invoke(Method.java:498)
	at org.eclipse.e4.core.internal.di.MethodRequestor.execute(MethodRequestor.java:58)
	at org.eclipse.e4.core.internal.di.InjectorImpl.processAnnotated(InjectorImpl.java:1001)
	at org.eclipse.e4.core.internal.di.InjectorImpl.internalInject(InjectorImpl.java:139)
	at org.eclipse.e4.core.internal.di.InjectorImpl.inject(InjectorImpl.java:95)
	at org.eclipse.e4.core.contexts.ContextInjectionFactory.inject(ContextInjectionFactory.java:77)
	at org.eclipse.ui.internal.Workbench.createWorkbenchWindow(Workbench.java:1487)
	at org.eclipse.ui.internal.Workbench.getActiveWorkbenchWindow(Workbench.java:1458)
	at org.eclipse.ui.internal.services.WorkbenchSourceProvider.updateActiveShell(WorkbenchSourceProvider.java:910)
	at org.eclipse.ui.internal.services.WorkbenchSourceProvider.getCurrentState(WorkbenchSourceProvider.java:118)
	at org.eclipse.ui.internal.services.WorkbenchSourceProvider.lambda$2(WorkbenchSourceProvider.java:671)
	at org.eclipse.ui.internal.services.WorkbenchSourceProvider$$Lambda$88.0000000014F6A010.handleEvent(Unknown Source)
	at org.eclipse.swt.widgets.EventTable.sendEvent(EventTable.java:89)
	at org.eclipse.swt.widgets.Display.filterEvent(Display.java:1193)
	at org.eclipse.swt.widgets.Widget.sendEvent(Widget.java:1054)
	at org.eclipse.swt.widgets.Widget.sendEvent(Widget.java:1079)
	at org.eclipse.swt.widgets.Widget.sendEvent(Widget.java:1064)
	at org.eclipse.swt.widgets.Decorations.WM_ACTIVATE(Decorations.java:1543)
	at org.eclipse.swt.widgets.Shell.WM_ACTIVATE(Shell.java:2193)
	at org.eclipse.swt.widgets.Control.windowProc(Control.java:4765)
	at org.eclipse.swt.widgets.Canvas.windowProc(Canvas.java:348)
	at org.eclipse.swt.widgets.Decorations.windowProc(Decorations.java:1502)
	at org.eclipse.swt.widgets.Shell.windowProc(Shell.java:2153)
	at org.eclipse.swt.widgets.Display.windowProc(Display.java:4770)
	at org.eclipse.swt.internal.win32.OS.BringWindowToTop(Native Method)
	at org.eclipse.swt.widgets.Decorations.bringToTop(Decorations.java:211)
	at org.eclipse.swt.widgets.Shell.open(Shell.java:1263)
	at org.eclipse.e4.ui.workbench.renderers.swt.WBWRenderer.postProcess(WBWRenderer.java:747)
	at org.eclipse.e4.ui.internal.workbench.swt.PartRenderingEngine.safeCreateGui(PartRenderingEngine.java:693)
	at org.eclipse.e4.ui.internal.workbench.swt.PartRenderingEngine.safeCreateGui(PartRenderingEngine.java:781)
	at org.eclipse.e4.ui.internal.workbench.swt.PartRenderingEngine.access$0(PartRenderingEngine.java:752)
	at org.eclipse.e4.ui.internal.workbench.swt.PartRenderingEngine$2.run(PartRenderingEngine.java:746)
	at org.eclipse.core.runtime.SafeRunner.run(SafeRunner.java:45)
	at org.eclipse.e4.ui.internal.workbench.swt.PartRenderingEngine.createGui(PartRenderingEngine.java:730)
	at org.eclipse.e4.ui.internal.workbench.swt.PartRenderingEngine$5.run(PartRenderingEngine.java:1099)
	at org.eclipse.core.databinding.observable.Realm.runWithDefault(Realm.java:339)
	at org.eclipse.e4.ui.internal.workbench.swt.PartRenderingEngine.run(PartRenderingEngine.java:1062)
	at org.eclipse.e4.ui.internal.workbench.E4Workbench.createAndRunUI(E4Workbench.java:156)
	at org.eclipse.ui.internal.Workbench.lambda$3(Workbench.java:636)
	at org.eclipse.ui.internal.Workbench$$Lambda$20.00000000143CA7E0.run(Unknown Source)
	at org.eclipse.core.databinding.observable.Realm.runWithDefault(Realm.java:339)
	at org.eclipse.ui.internal.Workbench.createAndRunWorkbench(Workbench.java:563)
	at org.eclipse.ui.PlatformUI.createAndRunWorkbench(PlatformUI.java:151)
	at org.eclipse.ui.internal.ide.application.IDEApplication.start(IDEApplication.java:155)
	at org.eclipse.equinox.internal.app.EclipseAppHandle.run(EclipseAppHandle.java:203)
	at org.eclipse.core.runtime.internal.adaptor.EclipseAppLauncher.runApplication(EclipseAppLauncher.java:137)
	at org.eclipse.core.runtime.internal.adaptor.EclipseAppLauncher.start(EclipseAppLauncher.java:107)
	at org.eclipse.core.runtime.adaptor.EclipseStarter.run(EclipseStarter.java:400)
	at org.eclipse.core.runtime.adaptor.EclipseStarter.run(EclipseStarter.java:255)
	at sun.reflect.NativeMethodAccessorImpl.invoke0(Native Method)
	at sun.reflect.NativeMethodAccessorImpl.invoke(NativeMethodAccessorImpl.java:62)
	at sun.reflect.DelegatingMethodAccessorImpl.invoke(DelegatingMethodAccessorImpl.java:43)
	at java.lang.reflect.Method.invoke(Method.java:498)
	at org.eclipse.equinox.launcher.Main.invokeFramework(Main.java:659)
	at org.eclipse.equinox.launcher.Main.basicRun(Main.java:595)
	at org.eclipse.equinox.launcher.Main.run(Main.java:1501)
Caused by: com.cedarsoftware.util.io.JsonIoException: EOF reached prematurely
	at com.cedarsoftware.util.io.JsonParser.error(JsonParser.java:584)
	at com.cedarsoftware.util.io.JsonParser.readValue(JsonParser.java:278)
	at com.cedarsoftware.util.io.JsonReader.readObject(JsonReader.java:521)
	... 234 more
2020-05-14 22:01:22,310 ERROR [main] - System.err - Warning: NLS unused message: 

 in: com.microsoft.azuretools.core.utils.messages
2020-05-14 22:01:23,561 ERROR [main] - System.err - May 14, 2020 10:01:23 PM java.util.logging.LogManager$RootLogger log
INFO: === Log session started ===
2020-05-14 22:01:23,842 ERROR [main] - System.err - May 14, 2020 10:01:23 PM com.microsoft.azuretools.authmanage.AuthMethodManager getAzureManager
INFO: Failed to get an AzureManager instance for AuthMethodDetails: { accountEmail: null, credFilePath: null, authMethod: AD, azureEnv: null } with error No account email provided to create Azure manager for access token based authentication
2020-05-14 22:01:23,905 ERROR [main] - System.err - May 14, 2020 10:01:23 PM com.microsoft.azuretools.authmanage.AuthMethodManager getAzureManager
INFO: Failed to get an AzureManager instance for AuthMethodDetails: { accountEmail: null, credFilePath: null, authMethod: AD, azureEnv: null } with error No account email provided to create Azure manager for access token based authentication
2020-05-14 22:01:23,967 ERROR [main] - System.err - May 14, 2020 10:01:23 PM com.microsoft.azuretools.authmanage.AuthMethodManager getAzureManager
INFO: Failed to get an AzureManager instance for AuthMethodDetails: { accountEmail: null, credFilePath: null, authMethod: AD, azureEnv: null } with error No account email provided to create Azure manager for access token based authentication
2020-05-14 22:01:28,109 ERROR [main] - System.err - May 14, 2020 10:01:28 PM com.microsoft.azuretools.authmanage.AuthMethodManager getAzureManager
INFO: Failed to get an AzureManager instance for AuthMethodDetails: { accountEmail: null, credFilePath: null, authMethod: AD, azureEnv: null } with error No account email provided to create Azure manager for access token based authentication
2020-05-14 22:01:28,109 ERROR [main] - System.err - May 14, 2020 10:01:28 PM com.microsoft.azuretools.authmanage.AuthMethodManager getAzureManager
INFO: Failed to get an AzureManager instance for AuthMethodDetails: { accountEmail: null, credFilePath: null, authMethod: AD, azureEnv: null } with error No account email provided to create Azure manager for access token based authentication
2020-05-14 22:01:36,268 ERROR [main] - System.err - May 14, 2020 10:01:36 PM com.microsoft.azuretools.authmanage.AuthMethodManager getAzureManager
INFO: Failed to get an AzureManager instance for AuthMethodDetails: { accountEmail: null, credFilePath: null, authMethod: AD, azureEnv: null } with error No account email provided to create Azure manager for access token based authentication
2020-05-14 22:01:36,299 ERROR [main] - System.err - May 14, 2020 10:01:36 PM com.microsoft.azuretools.authmanage.AuthMethodManager getAzureManager
INFO: Failed to get an AzureManager instance for AuthMethodDetails: { accountEmail: null, credFilePath: null, authMethod: AD, azureEnv: null } with error No account email provided to create Azure manager for access token based authentication
2020-05-14 22:01:36,565 ERROR [main] - System.err - May 14, 2020 10:01:36 PM com.microsoft.azuretools.authmanage.AuthMethodManager getAzureManager
INFO: Failed to get an AzureManager instance for AuthMethodDetails: { accountEmail: null, credFilePath: null, authMethod: AD, azureEnv: null } with error No account email provided to create Azure manager for access token based authentication
2020-05-14 22:01:36,596 ERROR [main] - System.err - May 14, 2020 10:01:36 PM com.microsoft.azuretools.authmanage.AuthMethodManager getAzureManager
INFO: Failed to get an AzureManager instance for AuthMethodDetails: { accountEmail: null, credFilePath: null, authMethod: AD, azureEnv: null } with error No account email provided to create Azure manager for access token based authentication
2020-05-14 22:01:36,737 ERROR [DefaultQuickPulseCoordinator] - System.err - log4j:WARN No appenders could be found for logger (com.microsoft.applicationinsights.core.dependencies.http.client.protocol.RequestAddCookies).
2020-05-14 22:01:36,737 ERROR [DefaultQuickPulseCoordinator] - System.err - log4j:WARN Please initialize the log4j system properly.
2020-05-14 22:01:36,737 ERROR [DefaultQuickPulseCoordinator] - System.err - log4j:WARN See http://logging.apache.org/log4j/1.2/faq.html#noconfig for more info.
2020-05-14 22:01:37,049 ERROR [main] - System.err - May 14, 2020 10:01:37 PM com.microsoft.azuretools.authmanage.AuthMethodManager getAzureManager
INFO: Failed to get an AzureManager instance for AuthMethodDetails: { accountEmail: null, credFilePath: null, authMethod: AD, azureEnv: null } with error No account email provided to create Azure manager for access token based authentication
2020-05-14 22:01:43,414 ERROR [main] - System.err - May 14, 2020 10:01:43 PM com.microsoft.azuretools.authmanage.AuthMethodManager getAzureManager
INFO: Failed to get an AzureManager instance for AuthMethodDetails: { accountEmail: null, credFilePath: null, authMethod: AD, azureEnv: null } with error No account email provided to create Azure manager for access token based authentication
2020-05-14 22:01:43,461 ERROR [main] - System.err - May 14, 2020 10:01:43 PM com.microsoft.azuretools.authmanage.AuthMethodManager getAzureManager
INFO: Failed to get an AzureManager instance for AuthMethodDetails: { accountEmail: null, credFilePath: null, authMethod: AD, azureEnv: null } with error No account email provided to create Azure manager for access token based authentication
2020-05-14 22:01:51,010 ERROR [main] - System.err - May 14, 2020 10:01:51 PM com.microsoft.azuretools.authmanage.AuthMethodManager getAzureManager
INFO: Failed to get an AzureManager instance for AuthMethodDetails: { accountEmail: null, credFilePath: null, authMethod: AD, azureEnv: null } with error No account email provided to create Azure manager for access token based authentication
2020-05-14 22:01:51,010 ERROR [main] - System.err - May 14, 2020 10:01:51 PM com.microsoft.azuretools.authmanage.AuthMethodManager getAzureManager
INFO: Failed to get an AzureManager instance for AuthMethodDetails: { accountEmail: null, credFilePath: null, authMethod: AD, azureEnv: null } with error No account email provided to create Azure manager for access token based authentication
2020-05-14 22:01:54,902 ERROR [main] - System.err - May 14, 2020 10:01:54 PM com.microsoft.azuretools.authmanage.AuthMethodManager getAzureManager
INFO: Failed to get an AzureManager instance for AuthMethodDetails: { accountEmail: null, credFilePath: null, authMethod: AD, azureEnv: null } with error No account email provided to create Azure manager for access token based authentication
2020-05-14 22:01:57,606 ERROR [main] - System.err - May 14, 2020 10:01:57 PM com.microsoft.azuretools.authmanage.AuthMethodManager getAzureManager
INFO: Failed to get an AzureManager instance for AuthMethodDetails: { accountEmail: null, credFilePath: null, authMethod: AD, azureEnv: null } with error No account email provided to create Azure manager for access token based authentication
2020-05-14 22:01:57,637 ERROR [main] - System.err - May 14, 2020 10:01:57 PM com.microsoft.azuretools.authmanage.AuthMethodManager getAzureManager
INFO: Failed to get an AzureManager instance for AuthMethodDetails: { accountEmail: null, credFilePath: null, authMethod: AD, azureEnv: null } with error No account email provided to create Azure manager for access token based authentication
2020-05-14 22:01:58,919 ERROR [main] - System.err - May 14, 2020 10:01:58 PM com.microsoft.azuretools.authmanage.AuthMethodManager getAzureManager
INFO: Failed to get an AzureManager instance for AuthMethodDetails: { accountEmail: null, credFilePath: null, authMethod: AD, azureEnv: null } with error No account email provided to create Azure manager for access token based authentication
2020-05-14 22:02:00,498 ERROR [main] - System.err - May 14, 2020 10:02:00 PM com.microsoft.azuretools.authmanage.AuthMethodManager getAzureManager
INFO: Failed to get an AzureManager instance for AuthMethodDetails: { accountEmail: null, credFilePath: null, authMethod: AD, azureEnv: null } with error No account email provided to create Azure manager for access token based authentication
2020-05-14 22:02:00,529 ERROR [main] - System.err - May 14, 2020 10:02:00 PM com.microsoft.azuretools.authmanage.AuthMethodManager getAzureManager
INFO: Failed to get an AzureManager instance for AuthMethodDetails: { accountEmail: null, credFilePath: null, authMethod: AD, azureEnv: null } with error No account email provided to create Azure manager for access token based authentication
2020-05-14 22:02:01,013 ERROR [main] - System.err - May 14, 2020 10:02:01 PM com.microsoft.azuretools.authmanage.AuthMethodManager getAzureManager
INFO: Failed to get an AzureManager instance for AuthMethodDetails: { accountEmail: null, credFilePath: null, authMethod: AD, azureEnv: null } with error No account email provided to create Azure manager for access token based authentication
2020-05-14 22:02:01,045 ERROR [main] - System.err - May 14, 2020 10:02:01 PM com.microsoft.azuretools.authmanage.AuthMethodManager getAzureManager
INFO: Failed to get an AzureManager instance for AuthMethodDetails: { accountEmail: null, credFilePath: null, authMethod: AD, azureEnv: null } with error No account email provided to create Azure manager for access token based authentication
2020-05-14 22:02:01,138 ERROR [main] - System.err - May 14, 2020 10:02:01 PM com.microsoft.azuretools.authmanage.AuthMethodManager getAzureManager
INFO: Failed to get an AzureManager instance for AuthMethodDetails: { accountEmail: null, credFilePath: null, authMethod: AD, azureEnv: null } with error No account email provided to create Azure manager for access token based authentication
2020-05-14 22:02:01,201 ERROR [main] - System.err - May 14, 2020 10:02:01 PM com.microsoft.azuretools.authmanage.AuthMethodManager getAzureManager
INFO: Failed to get an AzureManager instance for AuthMethodDetails: { accountEmail: null, credFilePath: null, authMethod: AD, azureEnv: null } with error No account email provided to create Azure manager for access token based authentication
2020-05-14 22:02:01,342 ERROR [main] - System.err - May 14, 2020 10:02:01 PM com.microsoft.azuretools.authmanage.AuthMethodManager getAzureManager
INFO: Failed to get an AzureManager instance for AuthMethodDetails: { accountEmail: null, credFilePath: null, authMethod: AD, azureEnv: null } with error No account email provided to create Azure manager for access token based authentication
2020-05-14 22:02:01,404 ERROR [main] - System.err - May 14, 2020 10:02:01 PM com.microsoft.azuretools.authmanage.AuthMethodManager getAzureManager
INFO: Failed to get an AzureManager instance for AuthMethodDetails: { accountEmail: null, credFilePath: null, authMethod: AD, azureEnv: null } with error No account email provided to create Azure manager for access token based authentication
2020-05-14 22:02:38,759 ERROR [main] - Statistics - Statistics file `C:\Users\manish.dubey01\.scalaide\statistics` is corrupted. A new one is being created. Corrupted content was:

com.cedarsoftware.util.io.JsonIoException: error parsing JSON value
	at com.cedarsoftware.util.io.JsonReader.readObject(JsonReader.java:529)
	at com.cedarsoftware.util.io.JsonReader.jsonToJava(JsonReader.java:289)
	at com.cedarsoftware.util.io.JsonReader.jsonToJava(JsonReader.java:262)
	at org.scalaide.core.internal.statistics.Statistics.read(Statistics.scala:74)
	at org.scalaide.core.internal.statistics.Statistics.$anonfun$readStats$1(Statistics.scala:52)
	at org.scalaide.core.internal.statistics.Statistics.$anonfun$readStats$1$adapted(Statistics.scala:51)
	at org.scalaide.core.internal.statistics.Statistics$$Lambda$626.000000001B8B4AB0.apply(Unknown Source)
	at org.scalaide.core.ScalaIdeDataStore$.$anonfun$validate$2(ScalaIdeDataStore.scala:59)
	at org.scalaide.core.ScalaIdeDataStore$$$Lambda$628.000000001B8B5610.apply(Unknown Source)
	at org.scalaide.util.eclipse.EclipseUtils$$anon$3.run(EclipseUtils.scala:230)
	at org.eclipse.core.runtime.SafeRunner.run(SafeRunner.java:45)
	at org.scalaide.util.eclipse.EclipseUtils$.withSafeRunner(EclipseUtils.scala:226)
	at org.scalaide.core.ScalaIdeDataStore$.validate(ScalaIdeDataStore.scala:59)
	at org.scalaide.core.internal.statistics.Statistics.readStats(Statistics.scala:51)
	at org.scalaide.core.internal.statistics.Statistics.<init>(Statistics.scala:30)
	at org.scalaide.core.internal.ScalaPlugin.stats$lzycompute(ScalaPlugin.scala:135)
	at org.scalaide.core.internal.ScalaPlugin.stats(ScalaPlugin.scala:135)
	at org.scalaide.core.internal.ScalaPlugin.statistics(ScalaPlugin.scala:138)
	at org.scalaide.core.internal.ScalaPlugin.start(ScalaPlugin.scala:109)
	at org.eclipse.osgi.internal.framework.BundleContextImpl$3.run(BundleContextImpl.java:782)
	at org.eclipse.osgi.internal.framework.BundleContextImpl$3.run(BundleContextImpl.java:1)
	at java.security.AccessController.doPrivileged(AccessController.java:703)
	at org.eclipse.osgi.internal.framework.BundleContextImpl.startActivator(BundleContextImpl.java:775)
	at org.eclipse.osgi.internal.framework.BundleContextImpl.start(BundleContextImpl.java:732)
	at org.eclipse.osgi.internal.framework.EquinoxBundle.startWorker0(EquinoxBundle.java:1005)
	at org.eclipse.osgi.internal.framework.EquinoxBundle$EquinoxModule.startWorker(EquinoxBundle.java:357)
	at org.eclipse.osgi.container.Module.doStart(Module.java:588)
	at org.eclipse.osgi.container.Module.start(Module.java:456)
	at org.eclipse.osgi.framework.util.SecureAction.start(SecureAction.java:471)
	at org.eclipse.osgi.internal.hooks.EclipseLazyStarter.postFindLocalClass(EclipseLazyStarter.java:117)
	at org.eclipse.osgi.internal.loader.classpath.ClasspathManager.findLocalClass(ClasspathManager.java:557)
	at org.eclipse.osgi.internal.loader.ModuleClassLoader.findLocalClass(ModuleClassLoader.java:331)
	at org.eclipse.osgi.internal.loader.BundleLoader.findLocalClass(BundleLoader.java:395)
	at org.eclipse.osgi.internal.loader.BundleLoader.findClassInternal(BundleLoader.java:473)
	at org.eclipse.osgi.internal.loader.BundleLoader.findClass(BundleLoader.java:422)
	at org.eclipse.osgi.internal.loader.BundleLoader.findClass(BundleLoader.java:414)
	at org.eclipse.osgi.internal.loader.ModuleClassLoader.loadClass(ModuleClassLoader.java:153)
	at java.lang.ClassLoader.loadClass(ClassLoader.java:862)
	at org.eclipse.osgi.internal.framework.EquinoxBundle.loadClass(EquinoxBundle.java:612)
	at org.eclipse.core.internal.registry.osgi.RegistryStrategyOSGI.createExecutableExtension(RegistryStrategyOSGI.java:196)
	at org.eclipse.core.internal.registry.ExtensionRegistry.createExecutableExtension(ExtensionRegistry.java:934)
	at org.eclipse.core.internal.registry.ConfigurationElement.createExecutableExtension(ConfigurationElement.java:246)
	at org.eclipse.core.internal.registry.ConfigurationElementHandle.createExecutableExtension(ConfigurationElementHandle.java:63)
	at org.eclipse.jdt.internal.ui.filters.FilterDescriptor$1.run(FilterDescriptor.java:138)
	at org.eclipse.core.runtime.SafeRunner.run(SafeRunner.java:45)
	at org.eclipse.jdt.internal.ui.filters.FilterDescriptor.createViewerFilter(FilterDescriptor.java:142)
	at org.eclipse.jdt.ui.actions.CustomFiltersActionGroup$FilterItem.getFilterInstance(CustomFiltersActionGroup.java:190)
	at org.eclipse.jdt.ui.actions.CustomFiltersActionGroup.updateViewerFilters(CustomFiltersActionGroup.java:520)
	at org.eclipse.jdt.ui.actions.CustomFiltersActionGroup.<init>(CustomFiltersActionGroup.java:278)
	at org.eclipse.jdt.ui.actions.CustomFiltersActionGroup.<init>(CustomFiltersActionGroup.java:244)
	at org.eclipse.jdt.internal.ui.packageview.PackageExplorerActionGroup.<init>(PackageExplorerActionGroup.java:152)
	at org.eclipse.jdt.internal.ui.packageview.PackageExplorerPart.makeActions(PackageExplorerPart.java:805)
	at org.eclipse.jdt.internal.ui.packageview.PackageExplorerPart.createPartControl(PackageExplorerPart.java:511)
	at org.eclipse.ui.internal.e4.compatibility.CompatibilityPart.createPartControl(CompatibilityPart.java:156)
	at org.eclipse.ui.internal.e4.compatibility.CompatibilityView.createPartControl(CompatibilityView.java:152)
	at org.eclipse.ui.internal.e4.compatibility.CompatibilityPart.create(CompatibilityPart.java:367)
	at sun.reflect.NativeMethodAccessorImpl.invoke0(Native Method)
	at sun.reflect.NativeMethodAccessorImpl.invoke(NativeMethodAccessorImpl.java:62)
	at sun.reflect.DelegatingMethodAccessorImpl.invoke(DelegatingMethodAccessorImpl.java:43)
	at java.lang.reflect.Method.invoke(Method.java:498)
	at org.eclipse.e4.core.internal.di.MethodRequestor.execute(MethodRequestor.java:58)
	at org.eclipse.e4.core.internal.di.InjectorImpl.processAnnotated(InjectorImpl.java:1001)
	at org.eclipse.e4.core.internal.di.InjectorImpl.processAnnotated(InjectorImpl.java:966)
	at org.eclipse.e4.core.internal.di.InjectorImpl.internalInject(InjectorImpl.java:139)
	at org.eclipse.e4.core.internal.di.InjectorImpl.internalMake(InjectorImpl.java:411)
	at org.eclipse.e4.core.internal.di.InjectorImpl.make(InjectorImpl.java:333)
	at org.eclipse.e4.core.contexts.ContextInjectionFactory.make(ContextInjectionFactory.java:193)
	at org.eclipse.e4.ui.internal.workbench.ReflectionContributionFactory.createFromBundle(ReflectionContributionFactory.java:108)
	at org.eclipse.e4.ui.internal.workbench.ReflectionContributionFactory.doCreate(ReflectionContributionFactory.java:77)
	at org.eclipse.e4.ui.internal.workbench.ReflectionContributionFactory.create(ReflectionContributionFactory.java:59)
	at org.eclipse.e4.ui.workbench.renderers.swt.ContributedPartRenderer.createWidget(ContributedPartRenderer.java:132)
	at org.eclipse.e4.ui.internal.workbench.swt.PartRenderingEngine.createWidget(PartRenderingEngine.java:1015)
	at org.eclipse.e4.ui.internal.workbench.swt.PartRenderingEngine.safeCreateGui(PartRenderingEngine.java:675)
	at org.eclipse.e4.ui.internal.workbench.swt.PartRenderingEngine$1.run(PartRenderingEngine.java:560)
	at org.eclipse.core.runtime.SafeRunner.run(SafeRunner.java:45)
	at org.eclipse.e4.ui.internal.workbench.swt.PartRenderingEngine.createGui(PartRenderingEngine.java:544)
	at org.eclipse.e4.ui.workbench.renderers.swt.ElementReferenceRenderer.createWidget(ElementReferenceRenderer.java:73)
	at org.eclipse.e4.ui.internal.workbench.swt.PartRenderingEngine.createWidget(PartRenderingEngine.java:1015)
	at org.eclipse.e4.ui.internal.workbench.swt.PartRenderingEngine.safeCreateGui(PartRenderingEngine.java:675)
	at org.eclipse.e4.ui.internal.workbench.swt.PartRenderingEngine.safeCreateGui(PartRenderingEngine.java:781)
	at org.eclipse.e4.ui.internal.workbench.swt.PartRenderingEngine.access$0(PartRenderingEngine.java:752)
	at org.eclipse.e4.ui.internal.workbench.swt.PartRenderingEngine$2.run(PartRenderingEngine.java:746)
	at org.eclipse.core.runtime.SafeRunner.run(SafeRunner.java:45)
	at org.eclipse.e4.ui.internal.workbench.swt.PartRenderingEngine.createGui(PartRenderingEngine.java:730)
	at org.eclipse.e4.ui.workbench.renderers.swt.StackRenderer.showTab(StackRenderer.java:1295)
	at org.eclipse.e4.ui.workbench.renderers.swt.LazyStackRenderer.postProcess(LazyStackRenderer.java:105)
	at org.eclipse.e4.ui.internal.workbench.swt.PartRenderingEngine.safeCreateGui(PartRenderingEngine.java:693)
	at org.eclipse.e4.ui.internal.workbench.swt.PartRenderingEngine.safeCreateGui(PartRenderingEngine.java:781)
	at org.eclipse.e4.ui.internal.workbench.swt.PartRenderingEngine.access$0(PartRenderingEngine.java:752)
	at org.eclipse.e4.ui.internal.workbench.swt.PartRenderingEngine$2.run(PartRenderingEngine.java:746)
	at org.eclipse.core.runtime.SafeRunner.run(SafeRunner.java:45)
	at org.eclipse.e4.ui.internal.workbench.swt.PartRenderingEngine.createGui(PartRenderingEngine.java:730)
	at org.eclipse.e4.ui.workbench.renderers.swt.SWTPartRenderer.processContents(SWTPartRenderer.java:72)
	at org.eclipse.e4.ui.workbench.renderers.swt.SashRenderer.processContents(SashRenderer.java:140)
	at org.eclipse.e4.ui.internal.workbench.swt.PartRenderingEngine.safeCreateGui(PartRenderingEngine.java:689)
	at org.eclipse.e4.ui.internal.workbench.swt.PartRenderingEngine.safeCreateGui(PartRenderingEngine.java:781)
	at org.eclipse.e4.ui.internal.workbench.swt.PartRenderingEngine.access$0(PartRenderingEngine.java:752)
	at org.eclipse.e4.ui.internal.workbench.swt.PartRenderingEngine$2.run(PartRenderingEngine.java:746)
	at org.eclipse.core.runtime.SafeRunner.run(SafeRunner.java:45)
	at org.eclipse.e4.ui.internal.workbench.swt.PartRenderingEngine.createGui(PartRenderingEngine.java:730)
	at org.eclipse.e4.ui.workbench.renderers.swt.SWTPartRenderer.processContents(SWTPartRenderer.java:72)
	at org.eclipse.e4.ui.workbench.renderers.swt.SashRenderer.processContents(SashRenderer.java:140)
	at org.eclipse.e4.ui.internal.workbench.swt.PartRenderingEngine.safeCreateGui(PartRenderingEngine.java:689)
	at org.eclipse.e4.ui.internal.workbench.swt.PartRenderingEngine.safeCreateGui(PartRenderingEngine.java:781)
	at org.eclipse.e4.ui.internal.workbench.swt.PartRenderingEngine.access$0(PartRenderingEngine.java:752)
	at org.eclipse.e4.ui.internal.workbench.swt.PartRenderingEngine$2.run(PartRenderingEngine.java:746)
	at org.eclipse.core.runtime.SafeRunner.run(SafeRunner.java:45)
	at org.eclipse.e4.ui.internal.workbench.swt.PartRenderingEngine.createGui(PartRenderingEngine.java:730)
	at org.eclipse.e4.ui.workbench.renderers.swt.SWTPartRenderer.processContents(SWTPartRenderer.java:72)
	at org.eclipse.e4.ui.workbench.renderers.swt.SashRenderer.processContents(SashRenderer.java:140)
	at org.eclipse.e4.ui.internal.workbench.swt.PartRenderingEngine.safeCreateGui(PartRenderingEngine.java:689)
	at org.eclipse.e4.ui.internal.workbench.swt.PartRenderingEngine.safeCreateGui(PartRenderingEngine.java:781)
	at org.eclipse.e4.ui.internal.workbench.swt.PartRenderingEngine.access$0(PartRenderingEngine.java:752)
	at org.eclipse.e4.ui.internal.workbench.swt.PartRenderingEngine$2.run(PartRenderingEngine.java:746)
	at org.eclipse.core.runtime.SafeRunner.run(SafeRunner.java:45)
	at org.eclipse.e4.ui.internal.workbench.swt.PartRenderingEngine.createGui(PartRenderingEngine.java:730)
	at org.eclipse.e4.ui.workbench.renderers.swt.SWTPartRenderer.processContents(SWTPartRenderer.java:72)
	at org.eclipse.e4.ui.workbench.renderers.swt.SashRenderer.processContents(SashRenderer.java:140)
	at org.eclipse.e4.ui.internal.workbench.swt.PartRenderingEngine.safeCreateGui(PartRenderingEngine.java:689)
	at org.eclipse.e4.ui.internal.workbench.swt.PartRenderingEngine.safeCreateGui(PartRenderingEngine.java:781)
	at org.eclipse.e4.ui.internal.workbench.swt.PartRenderingEngine.access$0(PartRenderingEngine.java:752)
	at org.eclipse.e4.ui.internal.workbench.swt.PartRenderingEngine$2.run(PartRenderingEngine.java:746)
	at org.eclipse.core.runtime.SafeRunner.run(SafeRunner.java:45)
	at org.eclipse.e4.ui.internal.workbench.swt.PartRenderingEngine.createGui(PartRenderingEngine.java:730)
	at org.eclipse.e4.ui.workbench.renderers.swt.SWTPartRenderer.processContents(SWTPartRenderer.java:72)
	at org.eclipse.e4.ui.workbench.renderers.swt.PerspectiveRenderer.processContents(PerspectiveRenderer.java:51)
	at org.eclipse.e4.ui.internal.workbench.swt.PartRenderingEngine.safeCreateGui(PartRenderingEngine.java:689)
	at org.eclipse.e4.ui.internal.workbench.swt.PartRenderingEngine.safeCreateGui(PartRenderingEngine.java:781)
	at org.eclipse.e4.ui.internal.workbench.swt.PartRenderingEngine.access$0(PartRenderingEngine.java:752)
	at org.eclipse.e4.ui.internal.workbench.swt.PartRenderingEngine$2.run(PartRenderingEngine.java:746)
	at org.eclipse.core.runtime.SafeRunner.run(SafeRunner.java:45)
	at org.eclipse.e4.ui.internal.workbench.swt.PartRenderingEngine.createGui(PartRenderingEngine.java:730)
	at org.eclipse.e4.ui.workbench.renderers.swt.PerspectiveStackRenderer.showTab(PerspectiveStackRenderer.java:82)
	at org.eclipse.e4.ui.workbench.renderers.swt.LazyStackRenderer.postProcess(LazyStackRenderer.java:105)
	at org.eclipse.e4.ui.workbench.renderers.swt.PerspectiveStackRenderer.postProcess(PerspectiveStackRenderer.java:64)
	at org.eclipse.e4.ui.internal.workbench.swt.PartRenderingEngine.safeCreateGui(PartRenderingEngine.java:693)
	at org.eclipse.e4.ui.internal.workbench.swt.PartRenderingEngine.safeCreateGui(PartRenderingEngine.java:781)
	at org.eclipse.e4.ui.internal.workbench.swt.PartRenderingEngine.access$0(PartRenderingEngine.java:752)
	at org.eclipse.e4.ui.internal.workbench.swt.PartRenderingEngine$2.run(PartRenderingEngine.java:746)
	at org.eclipse.core.runtime.SafeRunner.run(SafeRunner.java:45)
	at org.eclipse.e4.ui.internal.workbench.swt.PartRenderingEngine.createGui(PartRenderingEngine.java:730)
	at org.eclipse.e4.ui.workbench.renderers.swt.SWTPartRenderer.processContents(SWTPartRenderer.java:72)
	at org.eclipse.e4.ui.workbench.renderers.swt.SashRenderer.processContents(SashRenderer.java:140)
	at org.eclipse.e4.ui.internal.workbench.swt.PartRenderingEngine.safeCreateGui(PartRenderingEngine.java:689)
	at org.eclipse.e4.ui.internal.workbench.swt.PartRenderingEngine.safeCreateGui(PartRenderingEngine.java:781)
	at org.eclipse.e4.ui.internal.workbench.swt.PartRenderingEngine.access$0(PartRenderingEngine.java:752)
	at org.eclipse.e4.ui.internal.workbench.swt.PartRenderingEngine$2.run(PartRenderingEngine.java:746)
	at org.eclipse.core.runtime.SafeRunner.run(SafeRunner.java:45)
	at org.eclipse.e4.ui.internal.workbench.swt.PartRenderingEngine.createGui(PartRenderingEngine.java:730)
	at org.eclipse.e4.ui.workbench.renderers.swt.SWTPartRenderer.processContents(SWTPartRenderer.java:72)
	at org.eclipse.e4.ui.workbench.renderers.swt.WBWRenderer.processContents(WBWRenderer.java:665)
	at org.eclipse.e4.ui.internal.workbench.swt.PartRenderingEngine.safeCreateGui(PartRenderingEngine.java:689)
	at org.eclipse.e4.ui.internal.workbench.swt.PartRenderingEngine.safeCreateGui(PartRenderingEngine.java:781)
	at org.eclipse.e4.ui.internal.workbench.swt.PartRenderingEngine.access$0(PartRenderingEngine.java:752)
	at org.eclipse.e4.ui.internal.workbench.swt.PartRenderingEngine$2.run(PartRenderingEngine.java:746)
	at org.eclipse.core.runtime.SafeRunner.run(SafeRunner.java:45)
	at org.eclipse.e4.ui.internal.workbench.swt.PartRenderingEngine.createGui(PartRenderingEngine.java:730)
	at org.eclipse.e4.ui.internal.workbench.swt.PartRenderingEngine$5.run(PartRenderingEngine.java:1099)
	at org.eclipse.core.databinding.observable.Realm.runWithDefault(Realm.java:339)
	at org.eclipse.e4.ui.internal.workbench.swt.PartRenderingEngine.run(PartRenderingEngine.java:1062)
	at org.eclipse.e4.ui.internal.workbench.E4Workbench.createAndRunUI(E4Workbench.java:156)
	at org.eclipse.ui.internal.Workbench.lambda$3(Workbench.java:636)
	at org.eclipse.ui.internal.Workbench$$Lambda$21.0000000011F4FDF0.run(Unknown Source)
	at org.eclipse.core.databinding.observable.Realm.runWithDefault(Realm.java:339)
	at org.eclipse.ui.internal.Workbench.createAndRunWorkbench(Workbench.java:563)
	at org.eclipse.ui.PlatformUI.createAndRunWorkbench(PlatformUI.java:151)
	at org.eclipse.ui.internal.ide.application.IDEApplication.start(IDEApplication.java:155)
	at org.eclipse.equinox.internal.app.EclipseAppHandle.run(EclipseAppHandle.java:203)
	at org.eclipse.core.runtime.internal.adaptor.EclipseAppLauncher.runApplication(EclipseAppLauncher.java:137)
	at org.eclipse.core.runtime.internal.adaptor.EclipseAppLauncher.start(EclipseAppLauncher.java:107)
	at org.eclipse.core.runtime.adaptor.EclipseStarter.run(EclipseStarter.java:400)
	at org.eclipse.core.runtime.adaptor.EclipseStarter.run(EclipseStarter.java:255)
	at sun.reflect.NativeMethodAccessorImpl.invoke0(Native Method)
	at sun.reflect.NativeMethodAccessorImpl.invoke(NativeMethodAccessorImpl.java:62)
	at sun.reflect.DelegatingMethodAccessorImpl.invoke(DelegatingMethodAccessorImpl.java:43)
	at java.lang.reflect.Method.invoke(Method.java:498)
	at org.eclipse.equinox.launcher.Main.invokeFramework(Main.java:659)
	at org.eclipse.equinox.launcher.Main.basicRun(Main.java:595)
	at org.eclipse.equinox.launcher.Main.run(Main.java:1501)
Caused by: com.cedarsoftware.util.io.JsonIoException: EOF reached prematurely
	at com.cedarsoftware.util.io.JsonParser.error(JsonParser.java:584)
	at com.cedarsoftware.util.io.JsonParser.readValue(JsonParser.java:278)
	at com.cedarsoftware.util.io.JsonReader.readObject(JsonReader.java:521)
	... 178 more
2020-05-14 22:02:42,229 ERROR [Worker-9: Executing the early startup extensions] - System.err - Warning: NLS unused message: 

 in: com.microsoft.azuretools.core.utils.messages
2020-05-14 22:02:42,542 ERROR [Worker-9: Executing the early startup extensions] - System.err - May 14, 2020 10:02:42 PM java.util.logging.LogManager$RootLogger log
INFO: === Log session started ===
2020-05-14 22:02:43,229 ERROR [main] - System.err - May 14, 2020 10:02:43 PM com.microsoft.azuretools.authmanage.AuthMethodManager getAzureManager
INFO: Failed to get an AzureManager instance for AuthMethodDetails: { accountEmail: null, credFilePath: null, authMethod: AD, azureEnv: null } with error No account email provided to create Azure manager for access token based authentication
2020-05-14 22:02:44,339 ERROR [main] - System.err - May 14, 2020 10:02:44 PM com.microsoft.azuretools.authmanage.AuthMethodManager getAzureManager
INFO: Failed to get an AzureManager instance for AuthMethodDetails: { accountEmail: null, credFilePath: null, authMethod: AD, azureEnv: null } with error No account email provided to create Azure manager for access token based authentication
2020-05-14 22:02:46,699 ERROR [main] - System.err - May 14, 2020 10:02:46 PM com.microsoft.azuretools.authmanage.AuthMethodManager getAzureManager
INFO: Failed to get an AzureManager instance for AuthMethodDetails: { accountEmail: null, credFilePath: null, authMethod: AD, azureEnv: null } with error No account email provided to create Azure manager for access token based authentication
2020-05-14 22:02:46,699 ERROR [main] - System.err - May 14, 2020 10:02:46 PM com.microsoft.azuretools.authmanage.AuthMethodManager getAzureManager
INFO: Failed to get an AzureManager instance for AuthMethodDetails: { accountEmail: null, credFilePath: null, authMethod: AD, azureEnv: null } with error No account email provided to create Azure manager for access token based authentication
2020-05-14 22:02:46,855 ERROR [DefaultQuickPulseCoordinator] - System.err - log4j:WARN No appenders could be found for logger (com.microsoft.applicationinsights.core.dependencies.http.client.protocol.RequestAddCookies).
2020-05-14 22:02:46,855 ERROR [DefaultQuickPulseCoordinator] - System.err - log4j:WARN Please initialize the log4j system properly.
2020-05-14 22:02:46,855 ERROR [DefaultQuickPulseCoordinator] - System.err - log4j:WARN See http://logging.apache.org/log4j/1.2/faq.html#noconfig for more info.
2020-05-14 22:02:48,872 ERROR [main] - System.err - May 14, 2020 10:02:48 PM com.microsoft.azuretools.authmanage.AuthMethodManager getAzureManager
INFO: Failed to get an AzureManager instance for AuthMethodDetails: { accountEmail: null, credFilePath: null, authMethod: AD, azureEnv: null } with error No account email provided to create Azure manager for access token based authentication
2020-05-14 22:02:48,903 ERROR [main] - System.err - May 14, 2020 10:02:48 PM com.microsoft.azuretools.authmanage.AuthMethodManager getAzureManager
INFO: Failed to get an AzureManager instance for AuthMethodDetails: { accountEmail: null, credFilePath: null, authMethod: AD, azureEnv: null } with error No account email provided to create Azure manager for access token based authentication
2020-05-14 22:03:12,691 ERROR [main] - System.err - May 14, 2020 10:03:12 PM com.microsoft.azuretools.authmanage.AuthMethodManager getAzureManager
INFO: Failed to get an AzureManager instance for AuthMethodDetails: { accountEmail: null, credFilePath: null, authMethod: AD, azureEnv: null } with error No account email provided to create Azure manager for access token based authentication
2020-05-14 22:03:12,723 ERROR [main] - System.err - May 14, 2020 10:03:12 PM com.microsoft.azuretools.authmanage.AuthMethodManager getAzureManager
INFO: Failed to get an AzureManager instance for AuthMethodDetails: { accountEmail: null, credFilePath: null, authMethod: AD, azureEnv: null } with error No account email provided to create Azure manager for access token based authentication
2020-05-14 22:03:13,832 ERROR [main] - System.err - May 14, 2020 10:03:13 PM com.microsoft.azuretools.authmanage.AuthMethodManager getAzureManager
INFO: Failed to get an AzureManager instance for AuthMethodDetails: { accountEmail: null, credFilePath: null, authMethod: AD, azureEnv: null } with error No account email provided to create Azure manager for access token based authentication
2020-05-14 22:03:15,630 ERROR [main] - System.err - May 14, 2020 10:03:15 PM com.microsoft.azuretools.authmanage.AuthMethodManager getAzureManager
INFO: Failed to get an AzureManager instance for AuthMethodDetails: { accountEmail: null, credFilePath: null, authMethod: AD, azureEnv: null } with error No account email provided to create Azure manager for access token based authentication
2020-05-14 22:03:15,661 ERROR [main] - System.err - May 14, 2020 10:03:15 PM com.microsoft.azuretools.authmanage.AuthMethodManager getAzureManager
INFO: Failed to get an AzureManager instance for AuthMethodDetails: { accountEmail: null, credFilePath: null, authMethod: AD, azureEnv: null } with error No account email provided to create Azure manager for access token based authentication
2020-05-14 22:03:16,036 ERROR [main] - System.err - May 14, 2020 10:03:16 PM com.microsoft.azuretools.authmanage.AuthMethodManager getAzureManager
INFO: Failed to get an AzureManager instance for AuthMethodDetails: { accountEmail: null, credFilePath: null, authMethod: AD, azureEnv: null } with error No account email provided to create Azure manager for access token based authentication
2020-05-14 22:03:16,052 ERROR [main] - System.err - May 14, 2020 10:03:16 PM com.microsoft.azuretools.authmanage.AuthMethodManager getAzureManager
INFO: Failed to get an AzureManager instance for AuthMethodDetails: { accountEmail: null, credFilePath: null, authMethod: AD, azureEnv: null } with error No account email provided to create Azure manager for access token based authentication
2020-05-14 22:03:16,083 ERROR [main] - System.err - May 14, 2020 10:03:16 PM com.microsoft.azuretools.authmanage.AuthMethodManager getAzureManager
INFO: Failed to get an AzureManager instance for AuthMethodDetails: { accountEmail: null, credFilePath: null, authMethod: AD, azureEnv: null } with error No account email provided to create Azure manager for access token based authentication
2020-05-14 22:03:16,224 ERROR [main] - System.err - May 14, 2020 10:03:16 PM com.microsoft.azuretools.authmanage.AuthMethodManager getAzureManager
INFO: Failed to get an AzureManager instance for AuthMethodDetails: { accountEmail: null, credFilePath: null, authMethod: AD, azureEnv: null } with error No account email provided to create Azure manager for access token based authentication
2020-05-14 22:03:16,302 ERROR [main] - System.err - May 14, 2020 10:03:16 PM com.microsoft.azuretools.authmanage.AuthMethodManager getAzureManager
INFO: Failed to get an AzureManager instance for AuthMethodDetails: { accountEmail: null, credFilePath: null, authMethod: AD, azureEnv: null } with error No account email provided to create Azure manager for access token based authentication
2020-05-14 22:03:16,474 ERROR [main] - System.err - May 14, 2020 10:03:16 PM com.microsoft.azuretools.authmanage.AuthMethodManager getAzureManager
INFO: Failed to get an AzureManager instance for AuthMethodDetails: { accountEmail: null, credFilePath: null, authMethod: AD, azureEnv: null } with error No account email provided to create Azure manager for access token based authentication
2020-05-14 22:03:16,521 ERROR [main] - System.err - May 14, 2020 10:03:16 PM com.microsoft.azuretools.authmanage.AuthMethodManager getAzureManager
INFO: Failed to get an AzureManager instance for AuthMethodDetails: { accountEmail: null, credFilePath: null, authMethod: AD, azureEnv: null } with error No account email provided to create Azure manager for access token based authentication
2020-05-14 22:03:53,641 ERROR [main] - Statistics - Statistics file `C:\Users\manish.dubey01\.scalaide\statistics` is corrupted. A new one is being created. Corrupted content was:

com.cedarsoftware.util.io.JsonIoException: error parsing JSON value
	at com.cedarsoftware.util.io.JsonReader.readObject(JsonReader.java:529)
	at com.cedarsoftware.util.io.JsonReader.jsonToJava(JsonReader.java:289)
	at com.cedarsoftware.util.io.JsonReader.jsonToJava(JsonReader.java:262)
	at org.scalaide.core.internal.statistics.Statistics.read(Statistics.scala:74)
	at org.scalaide.core.internal.statistics.Statistics.$anonfun$readStats$1(Statistics.scala:52)
	at org.scalaide.core.internal.statistics.Statistics.$anonfun$readStats$1$adapted(Statistics.scala:51)
	at org.scalaide.core.internal.statistics.Statistics$$Lambda$625.0000000017C5BAE0.apply(Unknown Source)
	at org.scalaide.core.ScalaIdeDataStore$.$anonfun$validate$2(ScalaIdeDataStore.scala:59)
	at org.scalaide.core.ScalaIdeDataStore$$$Lambda$627.0000000017C5C640.apply(Unknown Source)
	at org.scalaide.util.eclipse.EclipseUtils$$anon$3.run(EclipseUtils.scala:230)
	at org.eclipse.core.runtime.SafeRunner.run(SafeRunner.java:45)
	at org.scalaide.util.eclipse.EclipseUtils$.withSafeRunner(EclipseUtils.scala:226)
	at org.scalaide.core.ScalaIdeDataStore$.validate(ScalaIdeDataStore.scala:59)
	at org.scalaide.core.internal.statistics.Statistics.readStats(Statistics.scala:51)
	at org.scalaide.core.internal.statistics.Statistics.<init>(Statistics.scala:30)
	at org.scalaide.core.internal.ScalaPlugin.stats$lzycompute(ScalaPlugin.scala:135)
	at org.scalaide.core.internal.ScalaPlugin.stats(ScalaPlugin.scala:135)
	at org.scalaide.core.internal.ScalaPlugin.statistics(ScalaPlugin.scala:138)
	at org.scalaide.core.internal.ScalaPlugin.start(ScalaPlugin.scala:109)
	at org.eclipse.osgi.internal.framework.BundleContextImpl$3.run(BundleContextImpl.java:782)
	at org.eclipse.osgi.internal.framework.BundleContextImpl$3.run(BundleContextImpl.java:1)
	at java.security.AccessController.doPrivileged(AccessController.java:703)
	at org.eclipse.osgi.internal.framework.BundleContextImpl.startActivator(BundleContextImpl.java:775)
	at org.eclipse.osgi.internal.framework.BundleContextImpl.start(BundleContextImpl.java:732)
	at org.eclipse.osgi.internal.framework.EquinoxBundle.startWorker0(EquinoxBundle.java:1005)
	at org.eclipse.osgi.internal.framework.EquinoxBundle$EquinoxModule.startWorker(EquinoxBundle.java:357)
	at org.eclipse.osgi.container.Module.doStart(Module.java:588)
	at org.eclipse.osgi.container.Module.start(Module.java:456)
	at org.eclipse.osgi.framework.util.SecureAction.start(SecureAction.java:471)
	at org.eclipse.osgi.internal.hooks.EclipseLazyStarter.postFindLocalClass(EclipseLazyStarter.java:117)
	at org.eclipse.osgi.internal.loader.classpath.ClasspathManager.findLocalClass(ClasspathManager.java:557)
	at org.eclipse.osgi.internal.loader.ModuleClassLoader.findLocalClass(ModuleClassLoader.java:331)
	at org.eclipse.osgi.internal.loader.BundleLoader.findLocalClass(BundleLoader.java:395)
	at org.eclipse.osgi.internal.loader.BundleLoader.findClassInternal(BundleLoader.java:473)
	at org.eclipse.osgi.internal.loader.BundleLoader.findClass(BundleLoader.java:422)
	at org.eclipse.osgi.internal.loader.BundleLoader.findClass(BundleLoader.java:414)
	at org.eclipse.osgi.internal.loader.ModuleClassLoader.loadClass(ModuleClassLoader.java:153)
	at java.lang.ClassLoader.loadClass(ClassLoader.java:862)
	at org.eclipse.osgi.internal.framework.EquinoxBundle.loadClass(EquinoxBundle.java:612)
	at org.eclipse.core.internal.registry.osgi.RegistryStrategyOSGI.createExecutableExtension(RegistryStrategyOSGI.java:196)
	at org.eclipse.core.internal.registry.ExtensionRegistry.createExecutableExtension(ExtensionRegistry.java:934)
	at org.eclipse.core.internal.registry.ConfigurationElement.createExecutableExtension(ConfigurationElement.java:246)
	at org.eclipse.core.internal.registry.ConfigurationElementHandle.createExecutableExtension(ConfigurationElementHandle.java:63)
	at org.eclipse.jdt.internal.ui.filters.FilterDescriptor$1.run(FilterDescriptor.java:138)
	at org.eclipse.core.runtime.SafeRunner.run(SafeRunner.java:45)
	at org.eclipse.jdt.internal.ui.filters.FilterDescriptor.createViewerFilter(FilterDescriptor.java:142)
	at org.eclipse.jdt.ui.actions.CustomFiltersActionGroup$FilterItem.getFilterInstance(CustomFiltersActionGroup.java:190)
	at org.eclipse.jdt.ui.actions.CustomFiltersActionGroup.updateViewerFilters(CustomFiltersActionGroup.java:520)
	at org.eclipse.jdt.ui.actions.CustomFiltersActionGroup.<init>(CustomFiltersActionGroup.java:278)
	at org.eclipse.jdt.ui.actions.CustomFiltersActionGroup.<init>(CustomFiltersActionGroup.java:244)
	at org.eclipse.jdt.internal.ui.packageview.PackageExplorerActionGroup.<init>(PackageExplorerActionGroup.java:152)
	at org.eclipse.jdt.internal.ui.packageview.PackageExplorerPart.makeActions(PackageExplorerPart.java:805)
	at org.eclipse.jdt.internal.ui.packageview.PackageExplorerPart.createPartControl(PackageExplorerPart.java:511)
	at org.eclipse.ui.internal.e4.compatibility.CompatibilityPart.createPartControl(CompatibilityPart.java:156)
	at org.eclipse.ui.internal.e4.compatibility.CompatibilityView.createPartControl(CompatibilityView.java:152)
	at org.eclipse.ui.internal.e4.compatibility.CompatibilityPart.create(CompatibilityPart.java:367)
	at sun.reflect.NativeMethodAccessorImpl.invoke0(Native Method)
	at sun.reflect.NativeMethodAccessorImpl.invoke(NativeMethodAccessorImpl.java:62)
	at sun.reflect.DelegatingMethodAccessorImpl.invoke(DelegatingMethodAccessorImpl.java:43)
	at java.lang.reflect.Method.invoke(Method.java:498)
	at org.eclipse.e4.core.internal.di.MethodRequestor.execute(MethodRequestor.java:58)
	at org.eclipse.e4.core.internal.di.InjectorImpl.processAnnotated(InjectorImpl.java:1001)
	at org.eclipse.e4.core.internal.di.InjectorImpl.processAnnotated(InjectorImpl.java:966)
	at org.eclipse.e4.core.internal.di.InjectorImpl.internalInject(InjectorImpl.java:139)
	at org.eclipse.e4.core.internal.di.InjectorImpl.internalMake(InjectorImpl.java:411)
	at org.eclipse.e4.core.internal.di.InjectorImpl.make(InjectorImpl.java:333)
	at org.eclipse.e4.core.contexts.ContextInjectionFactory.make(ContextInjectionFactory.java:193)
	at org.eclipse.e4.ui.internal.workbench.ReflectionContributionFactory.createFromBundle(ReflectionContributionFactory.java:108)
	at org.eclipse.e4.ui.internal.workbench.ReflectionContributionFactory.doCreate(ReflectionContributionFactory.java:77)
	at org.eclipse.e4.ui.internal.workbench.ReflectionContributionFactory.create(ReflectionContributionFactory.java:59)
	at org.eclipse.e4.ui.workbench.renderers.swt.ContributedPartRenderer.createWidget(ContributedPartRenderer.java:132)
	at org.eclipse.e4.ui.internal.workbench.swt.PartRenderingEngine.createWidget(PartRenderingEngine.java:1015)
	at org.eclipse.e4.ui.internal.workbench.swt.PartRenderingEngine.safeCreateGui(PartRenderingEngine.java:675)
	at org.eclipse.e4.ui.internal.workbench.swt.PartRenderingEngine$1.run(PartRenderingEngine.java:560)
	at org.eclipse.core.runtime.SafeRunner.run(SafeRunner.java:45)
	at org.eclipse.e4.ui.internal.workbench.swt.PartRenderingEngine.createGui(PartRenderingEngine.java:544)
	at org.eclipse.e4.ui.workbench.renderers.swt.ElementReferenceRenderer.createWidget(ElementReferenceRenderer.java:73)
	at org.eclipse.e4.ui.internal.workbench.swt.PartRenderingEngine.createWidget(PartRenderingEngine.java:1015)
	at org.eclipse.e4.ui.internal.workbench.swt.PartRenderingEngine.safeCreateGui(PartRenderingEngine.java:675)
	at org.eclipse.e4.ui.internal.workbench.swt.PartRenderingEngine.safeCreateGui(PartRenderingEngine.java:781)
	at org.eclipse.e4.ui.internal.workbench.swt.PartRenderingEngine.access$0(PartRenderingEngine.java:752)
	at org.eclipse.e4.ui.internal.workbench.swt.PartRenderingEngine$2.run(PartRenderingEngine.java:746)
	at org.eclipse.core.runtime.SafeRunner.run(SafeRunner.java:45)
	at org.eclipse.e4.ui.internal.workbench.swt.PartRenderingEngine.createGui(PartRenderingEngine.java:730)
	at org.eclipse.e4.ui.workbench.renderers.swt.StackRenderer.showTab(StackRenderer.java:1295)
	at org.eclipse.e4.ui.workbench.renderers.swt.LazyStackRenderer.postProcess(LazyStackRenderer.java:105)
	at org.eclipse.e4.ui.internal.workbench.swt.PartRenderingEngine.safeCreateGui(PartRenderingEngine.java:693)
	at org.eclipse.e4.ui.internal.workbench.swt.PartRenderingEngine.safeCreateGui(PartRenderingEngine.java:781)
	at org.eclipse.e4.ui.internal.workbench.swt.PartRenderingEngine.access$0(PartRenderingEngine.java:752)
	at org.eclipse.e4.ui.internal.workbench.swt.PartRenderingEngine$2.run(PartRenderingEngine.java:746)
	at org.eclipse.core.runtime.SafeRunner.run(SafeRunner.java:45)
	at org.eclipse.e4.ui.internal.workbench.swt.PartRenderingEngine.createGui(PartRenderingEngine.java:730)
	at org.eclipse.e4.ui.workbench.renderers.swt.SWTPartRenderer.processContents(SWTPartRenderer.java:72)
	at org.eclipse.e4.ui.workbench.renderers.swt.SashRenderer.processContents(SashRenderer.java:140)
	at org.eclipse.e4.ui.internal.workbench.swt.PartRenderingEngine.safeCreateGui(PartRenderingEngine.java:689)
	at org.eclipse.e4.ui.internal.workbench.swt.PartRenderingEngine.safeCreateGui(PartRenderingEngine.java:781)
	at org.eclipse.e4.ui.internal.workbench.swt.PartRenderingEngine.access$0(PartRenderingEngine.java:752)
	at org.eclipse.e4.ui.internal.workbench.swt.PartRenderingEngine$2.run(PartRenderingEngine.java:746)
	at org.eclipse.core.runtime.SafeRunner.run(SafeRunner.java:45)
	at org.eclipse.e4.ui.internal.workbench.swt.PartRenderingEngine.createGui(PartRenderingEngine.java:730)
	at org.eclipse.e4.ui.workbench.renderers.swt.SWTPartRenderer.processContents(SWTPartRenderer.java:72)
	at org.eclipse.e4.ui.workbench.renderers.swt.SashRenderer.processContents(SashRenderer.java:140)
	at org.eclipse.e4.ui.internal.workbench.swt.PartRenderingEngine.safeCreateGui(PartRenderingEngine.java:689)
	at org.eclipse.e4.ui.internal.workbench.swt.PartRenderingEngine.safeCreateGui(PartRenderingEngine.java:781)
	at org.eclipse.e4.ui.internal.workbench.swt.PartRenderingEngine.access$0(PartRenderingEngine.java:752)
	at org.eclipse.e4.ui.internal.workbench.swt.PartRenderingEngine$2.run(PartRenderingEngine.java:746)
	at org.eclipse.core.runtime.SafeRunner.run(SafeRunner.java:45)
	at org.eclipse.e4.ui.internal.workbench.swt.PartRenderingEngine.createGui(PartRenderingEngine.java:730)
	at org.eclipse.e4.ui.workbench.renderers.swt.SWTPartRenderer.processContents(SWTPartRenderer.java:72)
	at org.eclipse.e4.ui.workbench.renderers.swt.SashRenderer.processContents(SashRenderer.java:140)
	at org.eclipse.e4.ui.internal.workbench.swt.PartRenderingEngine.safeCreateGui(PartRenderingEngine.java:689)
	at org.eclipse.e4.ui.internal.workbench.swt.PartRenderingEngine.safeCreateGui(PartRenderingEngine.java:781)
	at org.eclipse.e4.ui.internal.workbench.swt.PartRenderingEngine.access$0(PartRenderingEngine.java:752)
	at org.eclipse.e4.ui.internal.workbench.swt.PartRenderingEngine$2.run(PartRenderingEngine.java:746)
	at org.eclipse.core.runtime.SafeRunner.run(SafeRunner.java:45)
	at org.eclipse.e4.ui.internal.workbench.swt.PartRenderingEngine.createGui(PartRenderingEngine.java:730)
	at org.eclipse.e4.ui.workbench.renderers.swt.SWTPartRenderer.processContents(SWTPartRenderer.java:72)
	at org.eclipse.e4.ui.workbench.renderers.swt.SashRenderer.processContents(SashRenderer.java:140)
	at org.eclipse.e4.ui.internal.workbench.swt.PartRenderingEngine.safeCreateGui(PartRenderingEngine.java:689)
	at org.eclipse.e4.ui.internal.workbench.swt.PartRenderingEngine.safeCreateGui(PartRenderingEngine.java:781)
	at org.eclipse.e4.ui.internal.workbench.swt.PartRenderingEngine.access$0(PartRenderingEngine.java:752)
	at org.eclipse.e4.ui.internal.workbench.swt.PartRenderingEngine$2.run(PartRenderingEngine.java:746)
	at org.eclipse.core.runtime.SafeRunner.run(SafeRunner.java:45)
	at org.eclipse.e4.ui.internal.workbench.swt.PartRenderingEngine.createGui(PartRenderingEngine.java:730)
	at org.eclipse.e4.ui.workbench.renderers.swt.SWTPartRenderer.processContents(SWTPartRenderer.java:72)
	at org.eclipse.e4.ui.workbench.renderers.swt.PerspectiveRenderer.processContents(PerspectiveRenderer.java:51)
	at org.eclipse.e4.ui.internal.workbench.swt.PartRenderingEngine.safeCreateGui(PartRenderingEngine.java:689)
	at org.eclipse.e4.ui.internal.workbench.swt.PartRenderingEngine.safeCreateGui(PartRenderingEngine.java:781)
	at org.eclipse.e4.ui.internal.workbench.swt.PartRenderingEngine.access$0(PartRenderingEngine.java:752)
	at org.eclipse.e4.ui.internal.workbench.swt.PartRenderingEngine$2.run(PartRenderingEngine.java:746)
	at org.eclipse.core.runtime.SafeRunner.run(SafeRunner.java:45)
	at org.eclipse.e4.ui.internal.workbench.swt.PartRenderingEngine.createGui(PartRenderingEngine.java:730)
	at org.eclipse.e4.ui.workbench.renderers.swt.PerspectiveStackRenderer.showTab(PerspectiveStackRenderer.java:82)
	at org.eclipse.e4.ui.workbench.renderers.swt.LazyStackRenderer.postProcess(LazyStackRenderer.java:105)
	at org.eclipse.e4.ui.workbench.renderers.swt.PerspectiveStackRenderer.postProcess(PerspectiveStackRenderer.java:64)
	at org.eclipse.e4.ui.internal.workbench.swt.PartRenderingEngine.safeCreateGui(PartRenderingEngine.java:693)
	at org.eclipse.e4.ui.internal.workbench.swt.PartRenderingEngine.safeCreateGui(PartRenderingEngine.java:781)
	at org.eclipse.e4.ui.internal.workbench.swt.PartRenderingEngine.access$0(PartRenderingEngine.java:752)
	at org.eclipse.e4.ui.internal.workbench.swt.PartRenderingEngine$2.run(PartRenderingEngine.java:746)
	at org.eclipse.core.runtime.SafeRunner.run(SafeRunner.java:45)
	at org.eclipse.e4.ui.internal.workbench.swt.PartRenderingEngine.createGui(PartRenderingEngine.java:730)
	at org.eclipse.e4.ui.workbench.renderers.swt.SWTPartRenderer.processContents(SWTPartRenderer.java:72)
	at org.eclipse.e4.ui.workbench.renderers.swt.SashRenderer.processContents(SashRenderer.java:140)
	at org.eclipse.e4.ui.internal.workbench.swt.PartRenderingEngine.safeCreateGui(PartRenderingEngine.java:689)
	at org.eclipse.e4.ui.internal.workbench.swt.PartRenderingEngine.safeCreateGui(PartRenderingEngine.java:781)
	at org.eclipse.e4.ui.internal.workbench.swt.PartRenderingEngine.access$0(PartRenderingEngine.java:752)
	at org.eclipse.e4.ui.internal.workbench.swt.PartRenderingEngine$2.run(PartRenderingEngine.java:746)
	at org.eclipse.core.runtime.SafeRunner.run(SafeRunner.java:45)
	at org.eclipse.e4.ui.internal.workbench.swt.PartRenderingEngine.createGui(PartRenderingEngine.java:730)
	at org.eclipse.e4.ui.workbench.renderers.swt.SWTPartRenderer.processContents(SWTPartRenderer.java:72)
	at org.eclipse.e4.ui.workbench.renderers.swt.WBWRenderer.processContents(WBWRenderer.java:665)
	at org.eclipse.e4.ui.internal.workbench.swt.PartRenderingEngine.safeCreateGui(PartRenderingEngine.java:689)
	at org.eclipse.e4.ui.internal.workbench.swt.PartRenderingEngine.safeCreateGui(PartRenderingEngine.java:781)
	at org.eclipse.e4.ui.internal.workbench.swt.PartRenderingEngine.access$0(PartRenderingEngine.java:752)
	at org.eclipse.e4.ui.internal.workbench.swt.PartRenderingEngine$2.run(PartRenderingEngine.java:746)
	at org.eclipse.core.runtime.SafeRunner.run(SafeRunner.java:45)
	at org.eclipse.e4.ui.internal.workbench.swt.PartRenderingEngine.createGui(PartRenderingEngine.java:730)
	at org.eclipse.e4.ui.internal.workbench.swt.PartRenderingEngine$5.run(PartRenderingEngine.java:1099)
	at org.eclipse.core.databinding.observable.Realm.runWithDefault(Realm.java:339)
	at org.eclipse.e4.ui.internal.workbench.swt.PartRenderingEngine.run(PartRenderingEngine.java:1062)
	at org.eclipse.e4.ui.internal.workbench.E4Workbench.createAndRunUI(E4Workbench.java:156)
	at org.eclipse.ui.internal.Workbench.lambda$3(Workbench.java:636)
	at org.eclipse.ui.internal.Workbench$$Lambda$21.00000000145B5650.run(Unknown Source)
	at org.eclipse.core.databinding.observable.Realm.runWithDefault(Realm.java:339)
	at org.eclipse.ui.internal.Workbench.createAndRunWorkbench(Workbench.java:563)
	at org.eclipse.ui.PlatformUI.createAndRunWorkbench(PlatformUI.java:151)
	at org.eclipse.ui.internal.ide.application.IDEApplication.start(IDEApplication.java:155)
	at org.eclipse.equinox.internal.app.EclipseAppHandle.run(EclipseAppHandle.java:203)
	at org.eclipse.core.runtime.internal.adaptor.EclipseAppLauncher.runApplication(EclipseAppLauncher.java:137)
	at org.eclipse.core.runtime.internal.adaptor.EclipseAppLauncher.start(EclipseAppLauncher.java:107)
	at org.eclipse.core.runtime.adaptor.EclipseStarter.run(EclipseStarter.java:400)
	at org.eclipse.core.runtime.adaptor.EclipseStarter.run(EclipseStarter.java:255)
	at sun.reflect.NativeMethodAccessorImpl.invoke0(Native Method)
	at sun.reflect.NativeMethodAccessorImpl.invoke(NativeMethodAccessorImpl.java:62)
	at sun.reflect.DelegatingMethodAccessorImpl.invoke(DelegatingMethodAccessorImpl.java:43)
	at java.lang.reflect.Method.invoke(Method.java:498)
	at org.eclipse.equinox.launcher.Main.invokeFramework(Main.java:659)
	at org.eclipse.equinox.launcher.Main.basicRun(Main.java:595)
	at org.eclipse.equinox.launcher.Main.run(Main.java:1501)
Caused by: com.cedarsoftware.util.io.JsonIoException: EOF reached prematurely
	at com.cedarsoftware.util.io.JsonParser.error(JsonParser.java:584)
	at com.cedarsoftware.util.io.JsonParser.readValue(JsonParser.java:278)
	at com.cedarsoftware.util.io.JsonReader.readObject(JsonReader.java:521)
	... 178 more
2020-05-14 22:03:57,002 ERROR [Worker-3: Executing the early startup extensions] - System.err - Warning: NLS unused message: 

 in: com.microsoft.azuretools.core.utils.messages
2020-05-14 22:03:57,392 ERROR [Worker-3: Executing the early startup extensions] - System.err - May 14, 2020 10:03:57 PM java.util.logging.LogManager$RootLogger log
INFO: === Log session started ===
2020-05-14 22:03:58,690 ERROR [main] - System.err - May 14, 2020 10:03:58 PM com.microsoft.azuretools.authmanage.AuthMethodManager getAzureManager
INFO: Failed to get an AzureManager instance for AuthMethodDetails: { accountEmail: null, credFilePath: null, authMethod: AD, azureEnv: null } with error No account email provided to create Azure manager for access token based authentication
2020-05-14 22:04:01,691 ERROR [DefaultQuickPulseCoordinator] - System.err - log4j:WARN No appenders could be found for logger (com.microsoft.applicationinsights.core.dependencies.http.client.protocol.RequestAddCookies).
2020-05-14 22:04:01,691 ERROR [DefaultQuickPulseCoordinator] - System.err - log4j:WARN Please initialize the log4j system properly.
2020-05-14 22:04:01,691 ERROR [DefaultQuickPulseCoordinator] - System.err - log4j:WARN See http://logging.apache.org/log4j/1.2/faq.html#noconfig for more info.
2020-05-14 22:04:05,989 ERROR [main] - System.err - May 14, 2020 10:04:05 PM com.microsoft.azuretools.authmanage.AuthMethodManager getAzureManager
INFO: Failed to get an AzureManager instance for AuthMethodDetails: { accountEmail: null, credFilePath: null, authMethod: AD, azureEnv: null } with error No account email provided to create Azure manager for access token based authentication
2020-05-14 22:04:06,004 ERROR [main] - System.err - May 14, 2020 10:04:06 PM com.microsoft.azuretools.authmanage.AuthMethodManager getAzureManager
INFO: Failed to get an AzureManager instance for AuthMethodDetails: { accountEmail: null, credFilePath: null, authMethod: AD, azureEnv: null } with error No account email provided to create Azure manager for access token based authentication
2020-05-14 22:04:06,020 ERROR [main] - System.err - May 14, 2020 10:04:06 PM com.microsoft.azuretools.authmanage.AuthMethodManager getAzureManager
INFO: Failed to get an AzureManager instance for AuthMethodDetails: { accountEmail: null, credFilePath: null, authMethod: AD, azureEnv: null } with error No account email provided to create Azure manager for access token based authentication
2020-05-14 22:04:06,176 ERROR [main] - System.err - May 14, 2020 10:04:06 PM com.microsoft.azuretools.authmanage.AuthMethodManager getAzureManager
INFO: Failed to get an AzureManager instance for AuthMethodDetails: { accountEmail: null, credFilePath: null, authMethod: AD, azureEnv: null } with error No account email provided to create Azure manager for access token based authentication
2020-05-14 22:04:06,239 ERROR [main] - System.err - May 14, 2020 10:04:06 PM com.microsoft.azuretools.authmanage.AuthMethodManager getAzureManager
INFO: Failed to get an AzureManager instance for AuthMethodDetails: { accountEmail: null, credFilePath: null, authMethod: AD, azureEnv: null } with error No account email provided to create Azure manager for access token based authentication
2020-05-14 22:04:06,317 ERROR [main] - System.err - May 14, 2020 10:04:06 PM com.microsoft.azuretools.authmanage.AuthMethodManager getAzureManager
INFO: Failed to get an AzureManager instance for AuthMethodDetails: { accountEmail: null, credFilePath: null, authMethod: AD, azureEnv: null } with error No account email provided to create Azure manager for access token based authentication
2020-05-14 22:04:06,333 ERROR [main] - System.err - May 14, 2020 10:04:06 PM com.microsoft.azuretools.authmanage.AuthMethodManager getAzureManager
INFO: Failed to get an AzureManager instance for AuthMethodDetails: { accountEmail: null, credFilePath: null, authMethod: AD, azureEnv: null } with error No account email provided to create Azure manager for access token based authentication
2020-05-14 22:04:06,411 ERROR [main] - System.err - May 14, 2020 10:04:06 PM com.microsoft.azuretools.authmanage.AuthMethodManager getAzureManager
INFO: Failed to get an AzureManager instance for AuthMethodDetails: { accountEmail: null, credFilePath: null, authMethod: AD, azureEnv: null } with error No account email provided to create Azure manager for access token based authentication
